  imgui.cpp
  imgui_demo.cpp
  imgui_draw.cpp
  AppClass.cpp
  AppClassControls.cpp
  AppClassGUI.cpp
  AppClassMain.cpp
  ControllerConfiguration.cpp
  Main.cpp
  MyMesh.cpp
c:\users\toxic\documents\git\simplex_2185\a02 - 3d primitives\mymesh.cpp(495): warning C4018: '<': signed/unsigned mismatch
c:\users\toxic\documents\git\simplex_2185\a02 - 3d primitives\mymesh.cpp(497): warning C4244: 'initializing': conversion from 'double' to 'float', possible loss of data
c:\users\toxic\documents\git\simplex_2185\a02 - 3d primitives\mymesh.cpp(498): warning C4244: 'initializing': conversion from 'double' to 'float', possible loss of data
c:\users\toxic\documents\git\simplex_2185\a02 - 3d primitives\mymesh.cpp(500): warning C4018: '<': signed/unsigned mismatch
c:\users\toxic\documents\git\simplex_2185\a02 - 3d primitives\mymesh.cpp(502): warning C4244: 'initializing': conversion from 'double' to 'float', possible loss of data
c:\users\toxic\documents\git\simplex_2185\a02 - 3d primitives\mymesh.cpp(503): warning C4244: 'initializing': conversion from 'double' to 'float', possible loss of data
  Generating code
  All 957 functions were compiled because no usable IPDB/IOBJ from previous compilation was found.
  Finished generating code
  A02 - 3D Primitives.vcxproj -> C:\Users\toxic\Documents\Git\Simplex_2185\Z_DELETE\A02 - 3D Primitives.exe
  Copying files...
          1 file(s) copied.
  C:\Users\toxic\Documents\Git\Simplex_2185\include\Simplex\Shaders\Basic-Instanced.vs
  C:\Users\toxic\Documents\Git\Simplex_2185\include\Simplex\Shaders\Basic.fs
  C:\Users\toxic\Documents\Git\Simplex_2185\include\Simplex\Shaders\Basic.vs
  C:\Users\toxic\Documents\Git\Simplex_2185\include\Simplex\Shaders\BasicColor.fs
  C:\Users\toxic\Documents\Git\Simplex_2185\include\Simplex\Shaders\BasicColor.vs
  C:\Users\toxic\Documents\Git\Simplex_2185\include\Simplex\Shaders\Line.fs
  C:\Users\toxic\Documents\Git\Simplex_2185\include\Simplex\Shaders\Line.vs
  C:\Users\toxic\Documents\Git\Simplex_2185\include\Simplex\Shaders\Minimal.fs
  C:\Users\toxic\Documents\Git\Simplex_2185\include\Simplex\Shaders\Minimal.vs
  C:\Users\toxic\Documents\Git\Simplex_2185\include\Simplex\Shaders\MinimalRed.fs
  C:\Users\toxic\Documents\Git\Simplex_2185\include\Simplex\Shaders\Simplex.fs
  C:\Users\toxic\Documents\Git\Simplex_2185\include\Simplex\Shaders\Simplex.vs
  C:\Users\toxic\Documents\Git\Simplex_2185\include\Simplex\Shaders\Skybox.fs
  C:\Users\toxic\Documents\Git\Simplex_2185\include\Simplex\Shaders\Skybox.vs
  C:\Users\toxic\Documents\Git\Simplex_2185\include\Simplex\Shaders\Text.fs
  C:\Users\toxic\Documents\Git\Simplex_2185\include\Simplex\Shaders\Text.vs
  C:\Users\toxic\Documents\Git\Simplex_2185\include\Simplex\Shaders\Wireframe.fs
  17 File(s) copied
