  Main.cpp
LINK : warning LNK4098: defaultlib 'MSVCRTD' conflicts with use of other libs; use /NODEFAULTLIB:library
  Generating code
  All 84 functions were compiled because no usable IPDB/IOBJ from previous compilation was found.
  Finished generating code
glfw3d.lib(context.obj) : warning LNK4099: PDB 'glfw.pdb' was not found with 'glfw3d.lib(context.obj)' or at 'C:\Users\toxic\Documents\Git\Simplex_2185\Z_DELETE\glfw.pdb'; linking object as if no debug info
glfw3d.lib(init.obj) : warning LNK4099: PDB 'glfw.pdb' was not found with 'glfw3d.lib(init.obj)' or at 'C:\Users\toxic\Documents\Git\Simplex_2185\Z_DELETE\glfw.pdb'; linking object as if no debug info
glfw3d.lib(input.obj) : warning LNK4099: PDB 'glfw.pdb' was not found with 'glfw3d.lib(input.obj)' or at 'C:\Users\toxic\Documents\Git\Simplex_2185\Z_DELETE\glfw.pdb'; linking object as if no debug info
glfw3d.lib(monitor.obj) : warning LNK4099: PDB 'glfw.pdb' was not found with 'glfw3d.lib(monitor.obj)' or at 'C:\Users\toxic\Documents\Git\Simplex_2185\Z_DELETE\glfw.pdb'; linking object as if no debug info
glfw3d.lib(window.obj) : warning LNK4099: PDB 'glfw.pdb' was not found with 'glfw3d.lib(window.obj)' or at 'C:\Users\toxic\Documents\Git\Simplex_2185\Z_DELETE\glfw.pdb'; linking object as if no debug info
glfw3d.lib(win32_init.obj) : warning LNK4099: PDB 'glfw.pdb' was not found with 'glfw3d.lib(win32_init.obj)' or at 'C:\Users\toxic\Documents\Git\Simplex_2185\Z_DELETE\glfw.pdb'; linking object as if no debug info
glfw3d.lib(win32_monitor.obj) : warning LNK4099: PDB 'glfw.pdb' was not found with 'glfw3d.lib(win32_monitor.obj)' or at 'C:\Users\toxic\Documents\Git\Simplex_2185\Z_DELETE\glfw.pdb'; linking object as if no debug info
glfw3d.lib(win32_time.obj) : warning LNK4099: PDB 'glfw.pdb' was not found with 'glfw3d.lib(win32_time.obj)' or at 'C:\Users\toxic\Documents\Git\Simplex_2185\Z_DELETE\glfw.pdb'; linking object as if no debug info
glfw3d.lib(win32_tls.obj) : warning LNK4099: PDB 'glfw.pdb' was not found with 'glfw3d.lib(win32_tls.obj)' or at 'C:\Users\toxic\Documents\Git\Simplex_2185\Z_DELETE\glfw.pdb'; linking object as if no debug info
glfw3d.lib(win32_window.obj) : warning LNK4099: PDB 'glfw.pdb' was not found with 'glfw3d.lib(win32_window.obj)' or at 'C:\Users\toxic\Documents\Git\Simplex_2185\Z_DELETE\glfw.pdb'; linking object as if no debug info
glfw3d.lib(winmm_joystick.obj) : warning LNK4099: PDB 'glfw.pdb' was not found with 'glfw3d.lib(winmm_joystick.obj)' or at 'C:\Users\toxic\Documents\Git\Simplex_2185\Z_DELETE\glfw.pdb'; linking object as if no debug info
glfw3d.lib(wgl_context.obj) : warning LNK4099: PDB 'glfw.pdb' was not found with 'glfw3d.lib(wgl_context.obj)' or at 'C:\Users\toxic\Documents\Git\Simplex_2185\Z_DELETE\glfw.pdb'; linking object as if no debug info
  D_GLFW_Demo.vcxproj -> C:\Users\toxic\Documents\Git\Simplex_2185\Z_DELETE\D_GLFW_Demo.exe
  Copying files...
          1 file(s) copied.
  C:\Users\toxic\Documents\Git\Simplex_2185\include\Simplex\Shaders\Basic-Instanced.vs
  C:\Users\toxic\Documents\Git\Simplex_2185\include\Simplex\Shaders\Basic.fs
  C:\Users\toxic\Documents\Git\Simplex_2185\include\Simplex\Shaders\Basic.vs
  C:\Users\toxic\Documents\Git\Simplex_2185\include\Simplex\Shaders\BasicColor.fs
  C:\Users\toxic\Documents\Git\Simplex_2185\include\Simplex\Shaders\BasicColor.vs
  C:\Users\toxic\Documents\Git\Simplex_2185\include\Simplex\Shaders\Line.fs
  C:\Users\toxic\Documents\Git\Simplex_2185\include\Simplex\Shaders\Line.vs
  C:\Users\toxic\Documents\Git\Simplex_2185\include\Simplex\Shaders\Minimal.fs
  C:\Users\toxic\Documents\Git\Simplex_2185\include\Simplex\Shaders\Minimal.vs
  C:\Users\toxic\Documents\Git\Simplex_2185\include\Simplex\Shaders\MinimalRed.fs
  C:\Users\toxic\Documents\Git\Simplex_2185\include\Simplex\Shaders\Simplex.fs
  C:\Users\toxic\Documents\Git\Simplex_2185\include\Simplex\Shaders\Simplex.vs
  C:\Users\toxic\Documents\Git\Simplex_2185\include\Simplex\Shaders\Skybox.fs
  C:\Users\toxic\Documents\Git\Simplex_2185\include\Simplex\Shaders\Skybox.vs
  C:\Users\toxic\Documents\Git\Simplex_2185\include\Simplex\Shaders\Text.fs
  C:\Users\toxic\Documents\Git\Simplex_2185\include\Simplex\Shaders\Text.vs
  C:\Users\toxic\Documents\Git\Simplex_2185\include\Simplex\Shaders\Wireframe.fs
  17 File(s) copied
