  Main.cpp
  C01_OpenGL.vcxproj -> C:\Users\toxic\Documents\Git\Simplex_2185\Z_DELETE\C01_OpenGL_d.exe
  Copying Shaders...
  C:\Users\toxic\Documents\Git\Simplex_2185\include\Simplex\Shaders\Basic-Instanced.vs
  C:\Users\toxic\Documents\Git\Simplex_2185\include\Simplex\Shaders\Basic.fs
  C:\Users\toxic\Documents\Git\Simplex_2185\include\Simplex\Shaders\Basic.vs
  C:\Users\toxic\Documents\Git\Simplex_2185\include\Simplex\Shaders\BasicColor.fs
  C:\Users\toxic\Documents\Git\Simplex_2185\include\Simplex\Shaders\BasicColor.vs
  C:\Users\toxic\Documents\Git\Simplex_2185\include\Simplex\Shaders\Line.fs
  C:\Users\toxic\Documents\Git\Simplex_2185\include\Simplex\Shaders\Line.vs
  C:\Users\toxic\Documents\Git\Simplex_2185\include\Simplex\Shaders\Minimal.fs
  C:\Users\toxic\Documents\Git\Simplex_2185\include\Simplex\Shaders\Minimal.vs
  C:\Users\toxic\Documents\Git\Simplex_2185\include\Simplex\Shaders\MinimalRed.fs
  C:\Users\toxic\Documents\Git\Simplex_2185\include\Simplex\Shaders\Simplex.fs
  C:\Users\toxic\Documents\Git\Simplex_2185\include\Simplex\Shaders\Simplex.vs
  C:\Users\toxic\Documents\Git\Simplex_2185\include\Simplex\Shaders\Skybox.fs
  C:\Users\toxic\Documents\Git\Simplex_2185\include\Simplex\Shaders\Skybox.vs
  C:\Users\toxic\Documents\Git\Simplex_2185\include\Simplex\Shaders\Text.fs
  C:\Users\toxic\Documents\Git\Simplex_2185\include\Simplex\Shaders\Text.vs
  C:\Users\toxic\Documents\Git\Simplex_2185\include\Simplex\Shaders\Wireframe.fs
  17 File(s) copied
