  imgui.cpp
  imgui_demo.cpp
  imgui_draw.cpp
  AppClass.cpp
  AppClassControls.cpp
  AppClassGUI.cpp
  Main.cpp
  Generating code
  All 760 functions were compiled because no usable IPDB/IOBJ from previous compilation was found.
  Finished generating code
  C08_Framework.vcxproj -> C:\Users\toxic\Documents\Git\Simplex_2185\Z_DELETE\C08_Framework.exe
  Copying files...
  C:\Users\toxic\Documents\Git\Simplex_2185\include\GL\bin\glew32.dll
  C:\Users\toxic\Documents\Git\Simplex_2185\include\GL\bin\glut32.dll
  2 File(s) copied
  C:\Users\toxic\Documents\Git\Simplex_2185\include\BasicX\bin\BasicX.dll
  C:\Users\toxic\Documents\Git\Simplex_2185\include\BasicX\bin\BasicX_d.dll
  2 File(s) copied
  C:\Users\toxic\Documents\Git\Simplex_2185\include\SFML\bin\sfml-system-2.dll
  1 File(s) copied
  C:\Users\toxic\Documents\Git\Simplex_2185\include\SFML\bin\sfml-window-2.dll
  1 File(s) copied
